<?xml version="1.0" encoding="UTF-8"?>
<testsuites name="Test Suite_Day1" time="72" tests="3" failures="0" errors="0">
   <testsuite name="Test Suite_Day1" tests="3" failures="0" errors="0" time="72" timestamp="2020-01-20 17:33:58" hostname="slk - WSLKCMP4FT2-15.SLKSOFT.COM" id="Test Suites/Day 1/Test Suite_Day1">
      <properties>
         <property name="deviceName" value=""/>
         <property name="devicePlatform" value=""/>
         <property name="logFolder" value="C:\\Users\\slk\\Katalon Studio\\Training_Sush\\Reports\\Day 1\\Test Suite_Day1\\20200120_173350"/>
         <property name="logFiles" value="C:\\Users\\slk\\Katalon Studio\\Training_Sush\\Reports\\Day 1\\Test Suite_Day1\\20200120_173350\\execution0.log"/>
         <property name="attachments" value=""/>
         <property name="hostName" value="slk - WSLKCMP4FT2-15.SLKSOFT.COM"/>
         <property name="os" value="Windows 7 64bit"/>
         <property name="katalonVersion" value="6.1.4.1"/>
         <property name="browser" value="Firefox 72.0"/>
         <property name="hostAddress" value="10.60.24.35"/>
         <property name="sessionId" value="1d386b9c-ce8d-419c-a384-7d6d355f6061"/>
         <property name="seleniumVersion" value="3.7.1"/>
         <property name="proxyInformation" value="ProxyInformation{proxyOption=NO_PROXY, proxyServerType=HTTP, password=, proxyServerAddress=, proxyServerPort=0}"/>
         <property name="platform" value="Windows 7"/>
      </properties>
      <testcase name="Test Cases/Day1/TC002" classname="Test Cases/Day1/TC002" status="PASSED">
         <system-out><![CDATA[2020-01-20 17:33:59 - [TEST_CASE][PASSED] - Test Cases/Day1/TC002: Test Cases/Day1/TC002

2020-01-20 17:34:00 - [TEST_STEP][PASSED] - openBrowser(""): Browser is opened with url: ''

2020-01-20 17:34:00 - [MESSAGE][INFO] - Starting 'Firefox' driver

2020-01-20 17:34:00 - [MESSAGE][INFO] - Action delay is set to 0 seconds

2020-01-20 17:34:11 - [MESSAGE][PASSED] - Browser is opened with url: ''

2020-01-20 17:34:11 - [TEST_STEP][PASSED] - navigateToUrl("https://katalon-demo-cura.herokuapp.com/"): Navigate to 'https://katalon-demo-cura.herokuapp.com/' successfully

2020-01-20 17:34:16 - [MESSAGE][PASSED] - Navigate to 'https://katalon-demo-cura.herokuapp.com/' successfully

2020-01-20 17:34:16 - [TEST_STEP][PASSED] - click(findTestObject("Object Repository/Page_CURA Healthcare Service/a_Make Appointment")): Object: 'Object Repository/Page_CURA Healthcare Service/a_Make Appointment' is clicked on

2020-01-20 17:34:17 - [MESSAGE][PASSED] - Object: 'Object Repository/Page_CURA Healthcare Service/a_Make Appointment' is clicked on

2020-01-20 17:34:17 - [TEST_STEP][PASSED] - setText(findTestObject("Object Repository/Page_CURA Healthcare Service/input_Username_username"), "John Doe"): Text 'John Doe' is set on object 'Object Repository/Page_CURA Healthcare Service/input_Username_username'

2020-01-20 17:34:17 - [MESSAGE][PASSED] - Text 'John Doe' is set on object 'Object Repository/Page_CURA Healthcare Service/input_Username_username'

2020-01-20 17:34:17 - [TEST_STEP][PASSED] - setEncryptedText(findTestObject("Object Repository/Page_CURA Healthcare Service/input_Password_password"), "g3/DOGG74jC3Flrr3yH+3D/yKbOqqUNM"): Text ****** has been set on object 'Object Repository/Page_CURA Healthcare Service/input_Password_password'

2020-01-20 17:34:17 - [MESSAGE][PASSED] - Text ****** has been set on object 'Object Repository/Page_CURA Healthcare Service/input_Password_password'

2020-01-20 17:34:17 - [TEST_STEP][PASSED] - click(findTestObject("Object Repository/Page_CURA Healthcare Service/button_Login")): Object: 'Object Repository/Page_CURA Healthcare Service/button_Login' is clicked on

2020-01-20 17:34:18 - [MESSAGE][PASSED] - Object: 'Object Repository/Page_CURA Healthcare Service/button_Login' is clicked on

2020-01-20 17:34:18 - [TEST_STEP][PASSED] - selectOptionByValue(findTestObject("Object Repository/Page_CURA Healthcare Service/select_Tokyo CURA Healthcare Center                            Hongkong CURA Healthcare Center                            Seoul CURA Healthcare Center"), "Hongkong CURA Healthcare Center", true): All options with value 'Hongkong CURA Healthcare Center' are selected in object 'Object Repository/Page_CURA Healthcare Service/select_Tokyo CURA Healthcare Center                            Hongkong CURA Healthcare Center                            Seoul CURA Healthcare Center'  using regular expression

2020-01-20 17:34:18 - [MESSAGE][PASSED] - All options with value 'Hongkong CURA Healthcare Center' are selected in object 'Object Repository/Page_CURA Healthcare Service/select_Tokyo CURA Healthcare Center                            Hongkong CURA Healthcare Center                            Seoul CURA Healthcare Center'  using regular expression

2020-01-20 17:34:18 - [TEST_STEP][PASSED] - click(findTestObject("Object Repository/Page_CURA Healthcare Service/input_Apply for hospital readmission_hospital_readmission")): Object: 'Object Repository/Page_CURA Healthcare Service/input_Apply for hospital readmission_hospital_readmission' is clicked on

2020-01-20 17:34:18 - [MESSAGE][PASSED] - Object: 'Object Repository/Page_CURA Healthcare Service/input_Apply for hospital readmission_hospital_readmission' is clicked on

2020-01-20 17:34:18 - [TEST_STEP][PASSED] - click(findTestObject("Object Repository/Page_CURA Healthcare Service/input_Medicaid_programs")): Object: 'Object Repository/Page_CURA Healthcare Service/input_Medicaid_programs' is clicked on

2020-01-20 17:34:19 - [MESSAGE][PASSED] - Object: 'Object Repository/Page_CURA Healthcare Service/input_Medicaid_programs' is clicked on

2020-01-20 17:34:19 - [TEST_STEP][PASSED] - click(findTestObject("Object Repository/Page_CURA Healthcare Service/span_Visit Date (Required)_glyphicon glyphicon-calendar")): Object: 'Object Repository/Page_CURA Healthcare Service/span_Visit Date (Required)_glyphicon glyphicon-calendar' is clicked on

2020-01-20 17:34:19 - [MESSAGE][PASSED] - Object: 'Object Repository/Page_CURA Healthcare Service/span_Visit Date (Required)_glyphicon glyphicon-calendar' is clicked on

2020-01-20 17:34:19 - [TEST_STEP][PASSED] - click(findTestObject("Object Repository/Page_CURA Healthcare Service/td_28")): Object: 'Object Repository/Page_CURA Healthcare Service/td_28' is clicked on

2020-01-20 17:34:19 - [MESSAGE][PASSED] - Object: 'Object Repository/Page_CURA Healthcare Service/td_28' is clicked on

2020-01-20 17:34:19 - [TEST_STEP][PASSED] - setText(findTestObject("Object Repository/Page_CURA Healthcare Service/textarea_Comment_comment"), "abcdefg"): Text 'abcdefg' is set on object 'Object Repository/Page_CURA Healthcare Service/textarea_Comment_comment'

2020-01-20 17:34:31 - [MESSAGE][PASSED] - Text 'abcdefg' is set on object 'Object Repository/Page_CURA Healthcare Service/textarea_Comment_comment'

2020-01-20 17:34:31 - [TEST_STEP][PASSED] - click(findTestObject("Object Repository/Page_CURA Healthcare Service/button_Book Appointment")): Object: 'Object Repository/Page_CURA Healthcare Service/button_Book Appointment' is clicked on

2020-01-20 17:34:32 - [MESSAGE][PASSED] - Object: 'Object Repository/Page_CURA Healthcare Service/button_Book Appointment' is clicked on

2020-01-20 17:34:32 - [TEST_STEP][PASSED] - verifyElementPresent(findTestObject("Page_CURA Healthcare Service/h2_Appointment Confirmation"), 0): Object 'Object Repository/Page_CURA Healthcare Service/h2_Appointment Confirmation' is present

2020-01-20 17:34:32 - [MESSAGE][WARNING] - Timeout '0' is invalid. Using default page load timeout: '30'

2020-01-20 17:34:32 - [MESSAGE][PASSED] - Object 'Object Repository/Page_CURA Healthcare Service/h2_Appointment Confirmation' is present

2020-01-20 17:34:32 - [TEST_STEP][PASSED] - closeBrowser(): Browser is closed

2020-01-20 17:34:39 - [MESSAGE][PASSED] - Browser is closed]]></system-out>
         <system-err><![CDATA[]]></system-err>
      </testcase>
      <testcase name="Test Cases/Day1/TC003_Manual" classname="Test Cases/Day1/TC003_Manual" status="PASSED">
         <system-out><![CDATA[2020-01-20 17:34:39 - [TEST_CASE][PASSED] - Test Cases/Day1/TC003_Manual: Test Cases/Day1/TC003_Manual

2020-01-20 17:34:39 - [TEST_STEP][PASSED] - openBrowser(""): Browser is opened with url: ''

2020-01-20 17:34:39 - [MESSAGE][INFO] - Starting 'Firefox' driver

2020-01-20 17:34:44 - [MESSAGE][PASSED] - Browser is opened with url: ''

2020-01-20 17:34:44 - [TEST_STEP][PASSED] - navigateToUrl("https://opensource-demo.orangehrmlive.com/"): Navigate to 'https://opensource-demo.orangehrmlive.com/' successfully

2020-01-20 17:34:47 - [MESSAGE][PASSED] - Navigate to 'https://opensource-demo.orangehrmlive.com/' successfully

2020-01-20 17:34:47 - [TEST_STEP][PASSED] - setText(findTestObject("Page_OrangeHRM/input_LOGIN Panel_txtUsername"), "Admin"): Text 'Admin' is set on object 'Object Repository/Page_OrangeHRM/input_LOGIN Panel_txtUsername'

2020-01-20 17:34:47 - [MESSAGE][PASSED] - Text 'Admin' is set on object 'Object Repository/Page_OrangeHRM/input_LOGIN Panel_txtUsername'

2020-01-20 17:34:47 - [TEST_STEP][PASSED] - setText(findTestObject("Page_OrangeHRM/input_Username_txtPassword"), "admin123"): Text 'admin123' is set on object 'Object Repository/Page_OrangeHRM/input_Username_txtPassword'

2020-01-20 17:34:47 - [MESSAGE][PASSED] - Text 'admin123' is set on object 'Object Repository/Page_OrangeHRM/input_Username_txtPassword'

2020-01-20 17:34:47 - [TEST_STEP][PASSED] - click(findTestObject("Page_OrangeHRM/input_Password_Submit")): Object: 'Object Repository/Page_OrangeHRM/input_Password_Submit' is clicked on

2020-01-20 17:34:50 - [MESSAGE][PASSED] - Object: 'Object Repository/Page_OrangeHRM/input_Password_Submit' is clicked on

2020-01-20 17:34:50 - [TEST_STEP][PASSED] - closeBrowser(): Browser is closed

2020-01-20 17:34:54 - [MESSAGE][PASSED] - Browser is closed]]></system-out>
         <system-err><![CDATA[]]></system-err>
      </testcase>
      <testcase name="Test Cases/Day1/TC004_script" classname="Test Cases/Day1/TC004_script" status="PASSED">
         <system-out><![CDATA[2020-01-20 17:34:54 - [TEST_CASE][PASSED] - Test Cases/Day1/TC004_script: Test Cases/Day1/TC004_script

2020-01-20 17:34:54 - [TEST_STEP][PASSED] - openBrowser(""): Browser is opened with url: ''

2020-01-20 17:34:54 - [MESSAGE][INFO] - Starting 'Firefox' driver

2020-01-20 17:35:00 - [MESSAGE][PASSED] - Browser is opened with url: ''

2020-01-20 17:35:00 - [TEST_STEP][PASSED] - navigateToUrl("https://opensource-demo.orangehrmlive.com/"): Navigate to 'https://opensource-demo.orangehrmlive.com/' successfully

2020-01-20 17:35:04 - [MESSAGE][PASSED] - Navigate to 'https://opensource-demo.orangehrmlive.com/' successfully

2020-01-20 17:35:04 - [TEST_STEP][PASSED] - setText(findTestObject("Object Repository/Page_OrangeHRM/input_LOGIN Panel_txtUsername"), "Admin"): Text 'Admin' is set on object 'Object Repository/Page_OrangeHRM/input_LOGIN Panel_txtUsername'

2020-01-20 17:35:04 - [MESSAGE][PASSED] - Text 'Admin' is set on object 'Object Repository/Page_OrangeHRM/input_LOGIN Panel_txtUsername'

2020-01-20 17:35:04 - [TEST_STEP][PASSED] - setText(findTestObject("Object Repository/Page_OrangeHRM/input_Username_txtPassword"), "admin123"): Text 'admin123' is set on object 'Object Repository/Page_OrangeHRM/input_Username_txtPassword'

2020-01-20 17:35:04 - [MESSAGE][PASSED] - Text 'admin123' is set on object 'Object Repository/Page_OrangeHRM/input_Username_txtPassword'

2020-01-20 17:35:04 - [TEST_STEP][PASSED] - click(findTestObject("Object Repository/Page_OrangeHRM/input_Password_Submit")): Object: 'Object Repository/Page_OrangeHRM/input_Password_Submit' is clicked on

2020-01-20 17:35:07 - [MESSAGE][PASSED] - Object: 'Object Repository/Page_OrangeHRM/input_Password_Submit' is clicked on

2020-01-20 17:35:07 - [TEST_STEP][PASSED] - closeBrowser(): Browser is closed

2020-01-20 17:35:11 - [MESSAGE][PASSED] - Browser is closed]]></system-out>
         <system-err><![CDATA[]]></system-err>
      </testcase>
      <system-out><![CDATA[2020-01-20 17:33:58 - [TEST_SUITE][PASSED] - Test Suite_Day1: Test Cases/Day1/TC004_script]]></system-out>
      <system-err><![CDATA[]]></system-err>
   </testsuite>
</testsuites>
