<?xml version="1.0" encoding="UTF-8"?>
<testsuites name="DataDriven" time="32" tests="2" failures="0" errors="0">
   <testsuite name="DataDriven" tests="2" failures="0" errors="0" time="32" timestamp="2020-01-21 15:25:24" hostname="slk - WSLKCMP4FT2-15.SLKSOFT.COM" id="Test Suites/Day2/DataDriven">
      <properties>
         <property name="deviceName" value=""/>
         <property name="devicePlatform" value=""/>
         <property name="logFolder" value="C:\\Users\\slk\\Katalon Studio\\Training_Sush\\Reports\\Day2\\DataDriven\\20200121_152522"/>
         <property name="logFiles" value="C:\\Users\\slk\\Katalon Studio\\Training_Sush\\Reports\\Day2\\DataDriven\\20200121_152522\\execution0.log"/>
         <property name="attachments" value=""/>
         <property name="hostName" value="slk - WSLKCMP4FT2-15.SLKSOFT.COM"/>
         <property name="os" value="Windows 7 64bit"/>
         <property name="katalonVersion" value="6.1.4.1"/>
         <property name="browser" value="Firefox 72.0"/>
         <property name="hostAddress" value="10.60.24.35"/>
         <property name="sessionId" value="d4e0268c-5c03-448b-80e1-c378d056a781"/>
         <property name="seleniumVersion" value="3.7.1"/>
         <property name="proxyInformation" value="ProxyInformation{proxyOption=NO_PROXY, proxyServerType=HTTP, password=, proxyServerAddress=, proxyServerPort=0}"/>
         <property name="platform" value="Windows 7"/>
      </properties>
      <testcase name="Test Cases/Day2/datadriven" classname="Test Cases/Day2/datadriven" status="PASSED">
         <system-out><![CDATA[2020-01-21 15:25:25 - [TEST_CASE][PASSED] - Test Cases/Day2/datadriven: Test Cases/Day2/datadriven

2020-01-21 15:25:25 - [TEST_STEP][PASSED] - openBrowser(""): Browser is opened with url: ''

2020-01-21 15:25:26 - [MESSAGE][INFO] - Starting 'Firefox' driver

2020-01-21 15:25:26 - [MESSAGE][INFO] - Action delay is set to 0 seconds

2020-01-21 15:25:32 - [MESSAGE][PASSED] - Browser is opened with url: ''

2020-01-21 15:25:32 - [TEST_STEP][PASSED] - navigateToUrl("https://opensource-demo.orangehrmlive.com/"): Navigate to 'https://opensource-demo.orangehrmlive.com/' successfully

2020-01-21 15:25:36 - [MESSAGE][PASSED] - Navigate to 'https://opensource-demo.orangehrmlive.com/' successfully

2020-01-21 15:25:36 - [TEST_STEP][PASSED] - setText(findTestObject("Object Repository/Page_OrangeHRM/input_LOGIN Panel_txtUsername"), username): Text 'Admin' is set on object 'Object Repository/Page_OrangeHRM/input_LOGIN Panel_txtUsername'

2020-01-21 15:25:36 - [MESSAGE][PASSED] - Text 'Admin' is set on object 'Object Repository/Page_OrangeHRM/input_LOGIN Panel_txtUsername'

2020-01-21 15:25:36 - [TEST_STEP][PASSED] - setText(findTestObject("Object Repository/Page_OrangeHRM/input_Username_txtPassword"), password): Text 'admin123' is set on object 'Object Repository/Page_OrangeHRM/input_Username_txtPassword'

2020-01-21 15:25:36 - [MESSAGE][PASSED] - Text 'admin123' is set on object 'Object Repository/Page_OrangeHRM/input_Username_txtPassword'

2020-01-21 15:25:36 - [TEST_STEP][PASSED] - click(findTestObject("Object Repository/Page_OrangeHRM/input_Password_Submit")): Object: 'Object Repository/Page_OrangeHRM/input_Password_Submit' is clicked on

2020-01-21 15:25:39 - [MESSAGE][PASSED] - Object: 'Object Repository/Page_OrangeHRM/input_Password_Submit' is clicked on

2020-01-21 15:25:39 - [TEST_STEP][PASSED] - closeBrowser(): Browser is closed

2020-01-21 15:25:42 - [MESSAGE][PASSED] - Browser is closed]]></system-out>
         <system-err><![CDATA[]]></system-err>
      </testcase>
      <testcase name="Test Cases/Day2/datadriven" classname="Test Cases/Day2/datadriven" status="PASSED">
         <system-out><![CDATA[2020-01-21 15:25:42 - [TEST_CASE][PASSED] - Test Cases/Day2/datadriven: Test Cases/Day2/datadriven

2020-01-21 15:25:42 - [TEST_STEP][PASSED] - openBrowser(""): Browser is opened with url: ''

2020-01-21 15:25:42 - [MESSAGE][INFO] - Starting 'Firefox' driver

2020-01-21 15:25:47 - [MESSAGE][PASSED] - Browser is opened with url: ''

2020-01-21 15:25:47 - [TEST_STEP][PASSED] - navigateToUrl("https://opensource-demo.orangehrmlive.com/"): Navigate to 'https://opensource-demo.orangehrmlive.com/' successfully

2020-01-21 15:25:51 - [MESSAGE][PASSED] - Navigate to 'https://opensource-demo.orangehrmlive.com/' successfully

2020-01-21 15:25:51 - [TEST_STEP][PASSED] - setText(findTestObject("Object Repository/Page_OrangeHRM/input_LOGIN Panel_txtUsername"), username): Text 'admin' is set on object 'Object Repository/Page_OrangeHRM/input_LOGIN Panel_txtUsername'

2020-01-21 15:25:51 - [MESSAGE][PASSED] - Text 'admin' is set on object 'Object Repository/Page_OrangeHRM/input_LOGIN Panel_txtUsername'

2020-01-21 15:25:51 - [TEST_STEP][PASSED] - setText(findTestObject("Object Repository/Page_OrangeHRM/input_Username_txtPassword"), password): Text 'admin123' is set on object 'Object Repository/Page_OrangeHRM/input_Username_txtPassword'

2020-01-21 15:25:51 - [MESSAGE][PASSED] - Text 'admin123' is set on object 'Object Repository/Page_OrangeHRM/input_Username_txtPassword'

2020-01-21 15:25:51 - [TEST_STEP][PASSED] - click(findTestObject("Object Repository/Page_OrangeHRM/input_Password_Submit")): Object: 'Object Repository/Page_OrangeHRM/input_Password_Submit' is clicked on

2020-01-21 15:25:54 - [MESSAGE][PASSED] - Object: 'Object Repository/Page_OrangeHRM/input_Password_Submit' is clicked on

2020-01-21 15:25:54 - [TEST_STEP][PASSED] - closeBrowser(): Browser is closed

2020-01-21 15:25:57 - [MESSAGE][PASSED] - Browser is closed]]></system-out>
         <system-err><![CDATA[]]></system-err>
      </testcase>
      <system-out><![CDATA[2020-01-21 15:25:24 - [TEST_SUITE][PASSED] - DataDriven: Test Cases/Day2/datadriven]]></system-out>
      <system-err><![CDATA[]]></system-err>
   </testsuite>
</testsuites>
